2020-07-29 11:21:09,759  INFO [main] SharedSD:29 - ****************************
2020-07-29 11:21:09,765  INFO [main] SharedSD:30 - Test setup method is starting.....
2020-07-29 11:21:10,626 DEBUG [main] RequestAddCookies:123 - CookieSpec selected: standard
2020-07-29 11:21:10,641 DEBUG [main] RequestAuthCache:77 - Auth cache not set in the context
2020-07-29 11:21:10,644 DEBUG [main] PoolingHttpClientConnectionManager:265 - Connection request: [route: {s}->https://raw.githubusercontent.com:443][total kept alive: 0; route allocated: 0 of 2; total allocated: 0 of 20]
2020-07-29 11:21:10,679 DEBUG [main] PoolingHttpClientConnectionManager:309 - Connection leased: [id: 0][route: {s}->https://raw.githubusercontent.com:443][total kept alive: 0; route allocated: 1 of 2; total allocated: 1 of 20]
2020-07-29 11:21:10,683 DEBUG [main] MainClientExec:235 - Opening connection {s}->https://raw.githubusercontent.com:443
2020-07-29 11:21:10,715 DEBUG [main] DefaultHttpClientConnectionOperator:139 - Connecting to raw.githubusercontent.com/151.101.208.133:443
2020-07-29 11:21:10,715 DEBUG [main] SSLConnectionSocketFactory:337 - Connecting socket to raw.githubusercontent.com/151.101.208.133:443 with timeout 0
2020-07-29 11:21:10,805 DEBUG [main] SSLConnectionSocketFactory:390 - Enabled protocols: [TLSv1, TLSv1.1, TLSv1.2]
2020-07-29 11:21:10,806 DEBUG [main] SSLConnectionSocketFactory:391 - Enabled cipher suites:[TLS_ECDHE_ECDSA_WITH_AES_256_CBC_SHA384, TLS_ECDHE_RSA_WITH_AES_256_CBC_SHA384, TLS_RSA_WITH_AES_256_CBC_SHA256, TLS_ECDH_ECDSA_WITH_AES_256_CBC_SHA384, TLS_ECDH_RSA_WITH_AES_256_CBC_SHA384, TLS_DHE_RSA_WITH_AES_256_CBC_SHA256, TLS_DHE_DSS_WITH_AES_256_CBC_SHA256, TLS_ECDHE_ECDSA_WITH_AES_256_CBC_SHA, TLS_ECDHE_RSA_WITH_AES_256_CBC_SHA, TLS_RSA_WITH_AES_256_CBC_SHA, TLS_ECDH_ECDSA_WITH_AES_256_CBC_SHA, TLS_ECDH_RSA_WITH_AES_256_CBC_SHA, TLS_DHE_RSA_WITH_AES_256_CBC_SHA, TLS_DHE_DSS_WITH_AES_256_CBC_SHA, TLS_ECDHE_ECDSA_WITH_AES_128_CBC_SHA256, TLS_ECDHE_RSA_WITH_AES_128_CBC_SHA256, TLS_RSA_WITH_AES_128_CBC_SHA256, TLS_ECDH_ECDSA_WITH_AES_128_CBC_SHA256, TLS_ECDH_RSA_WITH_AES_128_CBC_SHA256, TLS_DHE_RSA_WITH_AES_128_CBC_SHA256, TLS_DHE_DSS_WITH_AES_128_CBC_SHA256, TLS_ECDHE_ECDSA_WITH_AES_128_CBC_SHA, TLS_ECDHE_RSA_WITH_AES_128_CBC_SHA, TLS_RSA_WITH_AES_128_CBC_SHA, TLS_ECDH_ECDSA_WITH_AES_128_CBC_SHA, TLS_ECDH_RSA_WITH_AES_128_CBC_SHA, TLS_DHE_RSA_WITH_AES_128_CBC_SHA, TLS_DHE_DSS_WITH_AES_128_CBC_SHA, TLS_ECDHE_ECDSA_WITH_AES_256_GCM_SHA384, TLS_ECDHE_ECDSA_WITH_AES_128_GCM_SHA256, TLS_ECDHE_RSA_WITH_AES_256_GCM_SHA384, TLS_RSA_WITH_AES_256_GCM_SHA384, TLS_ECDH_ECDSA_WITH_AES_256_GCM_SHA384, TLS_ECDH_RSA_WITH_AES_256_GCM_SHA384, TLS_DHE_RSA_WITH_AES_256_GCM_SHA384, TLS_DHE_DSS_WITH_AES_256_GCM_SHA384, TLS_ECDHE_RSA_WITH_AES_128_GCM_SHA256, TLS_RSA_WITH_AES_128_GCM_SHA256, TLS_ECDH_ECDSA_WITH_AES_128_GCM_SHA256, TLS_ECDH_RSA_WITH_AES_128_GCM_SHA256, TLS_DHE_RSA_WITH_AES_128_GCM_SHA256, TLS_DHE_DSS_WITH_AES_128_GCM_SHA256, TLS_EMPTY_RENEGOTIATION_INFO_SCSV]
2020-07-29 11:21:10,806 DEBUG [main] SSLConnectionSocketFactory:395 - Starting handshake
2020-07-29 11:21:10,989 DEBUG [main] SSLConnectionSocketFactory:425 - Secure session established
2020-07-29 11:21:10,989 DEBUG [main] SSLConnectionSocketFactory:426 -  negotiated protocol: TLSv1.2
2020-07-29 11:21:10,990 DEBUG [main] SSLConnectionSocketFactory:427 -  negotiated cipher suite: TLS_ECDHE_RSA_WITH_AES_128_GCM_SHA256
2020-07-29 11:21:10,990 DEBUG [main] SSLConnectionSocketFactory:435 -  peer principal: CN=www.github.com, O="GitHub, Inc.", L=San Francisco, ST=California, C=US
2020-07-29 11:21:10,992 DEBUG [main] SSLConnectionSocketFactory:444 -  peer alternative names: [www.github.com, *.github.com, github.com, *.github.io, github.io, *.githubusercontent.com, githubusercontent.com]
2020-07-29 11:21:10,992 DEBUG [main] SSLConnectionSocketFactory:448 -  issuer principal: CN=DigiCert SHA2 High Assurance Server CA, OU=www.digicert.com, O=DigiCert Inc, C=US
2020-07-29 11:21:10,995 DEBUG [main] DefaultHttpClientConnectionOperator:146 - Connection established 192.168.1.154:49889<->151.101.208.133:443
2020-07-29 11:21:10,996 DEBUG [main] DefaultManagedHttpClientConnection:88 - http-outgoing-0: set socket timeout to 30000
2020-07-29 11:21:10,996 DEBUG [main] MainClientExec:256 - Executing request GET /bonigarcia/webdrivermanager/master/src/main/resources/versions.properties HTTP/1.1
2020-07-29 11:21:10,997 DEBUG [main] MainClientExec:261 - Target auth state: UNCHALLENGED
2020-07-29 11:21:10,999 DEBUG [main] MainClientExec:267 - Proxy auth state: UNCHALLENGED
2020-07-29 11:21:11,001 DEBUG [main] headers:133 - http-outgoing-0 >> GET /bonigarcia/webdrivermanager/master/src/main/resources/versions.properties HTTP/1.1
2020-07-29 11:21:11,002 DEBUG [main] headers:136 - http-outgoing-0 >> User-Agent: Apache-HttpClient/4.5.6
2020-07-29 11:21:11,002 DEBUG [main] headers:136 - http-outgoing-0 >> Connection: keep-alive
2020-07-29 11:21:11,003 DEBUG [main] headers:136 - http-outgoing-0 >> Host: raw.githubusercontent.com
2020-07-29 11:21:11,003 DEBUG [main] headers:136 - http-outgoing-0 >> Accept-Encoding: gzip,deflate
2020-07-29 11:21:11,003 DEBUG [main] wire:73 - http-outgoing-0 >> "GET /bonigarcia/webdrivermanager/master/src/main/resources/versions.properties HTTP/1.1[\r][\n]"
2020-07-29 11:21:11,003 DEBUG [main] wire:73 - http-outgoing-0 >> "User-Agent: Apache-HttpClient/4.5.6[\r][\n]"
2020-07-29 11:21:11,004 DEBUG [main] wire:73 - http-outgoing-0 >> "Connection: keep-alive[\r][\n]"
2020-07-29 11:21:11,004 DEBUG [main] wire:73 - http-outgoing-0 >> "Host: raw.githubusercontent.com[\r][\n]"
2020-07-29 11:21:11,004 DEBUG [main] wire:73 - http-outgoing-0 >> "Accept-Encoding: gzip,deflate[\r][\n]"
2020-07-29 11:21:11,004 DEBUG [main] wire:73 - http-outgoing-0 >> "[\r][\n]"
2020-07-29 11:21:11,026 DEBUG [main] wire:73 - http-outgoing-0 << "HTTP/1.1 200 OK[\r][\n]"
2020-07-29 11:21:11,026 DEBUG [main] wire:73 - http-outgoing-0 << "Connection: keep-alive[\r][\n]"
2020-07-29 11:21:11,026 DEBUG [main] wire:73 - http-outgoing-0 << "Content-Length: 814[\r][\n]"
2020-07-29 11:21:11,027 DEBUG [main] wire:73 - http-outgoing-0 << "Cache-Control: max-age=300[\r][\n]"
2020-07-29 11:21:11,027 DEBUG [main] wire:73 - http-outgoing-0 << "Content-Security-Policy: default-src 'none'; style-src 'unsafe-inline'; sandbox[\r][\n]"
2020-07-29 11:21:11,027 DEBUG [main] wire:73 - http-outgoing-0 << "Content-Type: text/plain; charset=utf-8[\r][\n]"
2020-07-29 11:21:11,027 DEBUG [main] wire:73 - http-outgoing-0 << "ETag: W/"70d225106d19d8c8c53da247fd7fc06e70985cf2a185e7d011c90e0e74d7a345"[\r][\n]"
2020-07-29 11:21:11,028 DEBUG [main] wire:73 - http-outgoing-0 << "Strict-Transport-Security: max-age=31536000[\r][\n]"
2020-07-29 11:21:11,028 DEBUG [main] wire:73 - http-outgoing-0 << "X-Content-Type-Options: nosniff[\r][\n]"
2020-07-29 11:21:11,028 DEBUG [main] wire:73 - http-outgoing-0 << "X-Frame-Options: deny[\r][\n]"
2020-07-29 11:21:11,028 DEBUG [main] wire:73 - http-outgoing-0 << "X-XSS-Protection: 1; mode=block[\r][\n]"
2020-07-29 11:21:11,029 DEBUG [main] wire:73 - http-outgoing-0 << "Via: 1.1 varnish (Varnish/6.0)[\r][\n]"
2020-07-29 11:21:11,029 DEBUG [main] wire:73 - http-outgoing-0 << "X-GitHub-Request-Id: AE86:6B29:16C6DF:1AE92E:5F218AD5[\r][\n]"
2020-07-29 11:21:11,029 DEBUG [main] wire:73 - http-outgoing-0 << "Content-Encoding: gzip[\r][\n]"
2020-07-29 11:21:11,029 DEBUG [main] wire:73 - http-outgoing-0 << "Accept-Ranges: bytes[\r][\n]"
2020-07-29 11:21:11,029 DEBUG [main] wire:73 - http-outgoing-0 << "Date: Wed, 29 Jul 2020 15:21:11 GMT[\r][\n]"
2020-07-29 11:21:11,030 DEBUG [main] wire:73 - http-outgoing-0 << "Via: 1.1 varnish[\r][\n]"
2020-07-29 11:21:11,030 DEBUG [main] wire:73 - http-outgoing-0 << "X-Served-By: cache-ewr18161-EWR[\r][\n]"
2020-07-29 11:21:11,030 DEBUG [main] wire:73 - http-outgoing-0 << "X-Cache: HIT, HIT[\r][\n]"
2020-07-29 11:21:11,031 DEBUG [main] wire:73 - http-outgoing-0 << "X-Cache-Hits: 7, 1[\r][\n]"
2020-07-29 11:21:11,031 DEBUG [main] wire:73 - http-outgoing-0 << "X-Timer: S1596036071.999867,VS0,VE0[\r][\n]"
2020-07-29 11:21:11,031 DEBUG [main] wire:73 - http-outgoing-0 << "Vary: Authorization,Accept-Encoding[\r][\n]"
2020-07-29 11:21:11,031 DEBUG [main] wire:73 - http-outgoing-0 << "Access-Control-Allow-Origin: *[\r][\n]"
2020-07-29 11:21:11,032 DEBUG [main] wire:73 - http-outgoing-0 << "X-Fastly-Request-ID: 29a479b636458e4134931ea62cb424a6cce72123[\r][\n]"
2020-07-29 11:21:11,032 DEBUG [main] wire:73 - http-outgoing-0 << "Expires: Wed, 29 Jul 2020 15:26:11 GMT[\r][\n]"
2020-07-29 11:21:11,032 DEBUG [main] wire:73 - http-outgoing-0 << "Source-Age: 221[\r][\n]"
2020-07-29 11:21:11,032 DEBUG [main] wire:73 - http-outgoing-0 << "[\r][\n]"
2020-07-29 11:21:11,039 DEBUG [main] headers:122 - http-outgoing-0 << HTTP/1.1 200 OK
2020-07-29 11:21:11,040 DEBUG [main] headers:125 - http-outgoing-0 << Connection: keep-alive
2020-07-29 11:21:11,040 DEBUG [main] headers:125 - http-outgoing-0 << Content-Length: 814
2020-07-29 11:21:11,040 DEBUG [main] headers:125 - http-outgoing-0 << Cache-Control: max-age=300
2020-07-29 11:21:11,041 DEBUG [main] headers:125 - http-outgoing-0 << Content-Security-Policy: default-src 'none'; style-src 'unsafe-inline'; sandbox
2020-07-29 11:21:11,041 DEBUG [main] headers:125 - http-outgoing-0 << Content-Type: text/plain; charset=utf-8
2020-07-29 11:21:11,041 DEBUG [main] headers:125 - http-outgoing-0 << ETag: W/"70d225106d19d8c8c53da247fd7fc06e70985cf2a185e7d011c90e0e74d7a345"
2020-07-29 11:21:11,041 DEBUG [main] headers:125 - http-outgoing-0 << Strict-Transport-Security: max-age=31536000
2020-07-29 11:21:11,041 DEBUG [main] headers:125 - http-outgoing-0 << X-Content-Type-Options: nosniff
2020-07-29 11:21:11,042 DEBUG [main] headers:125 - http-outgoing-0 << X-Frame-Options: deny
2020-07-29 11:21:11,042 DEBUG [main] headers:125 - http-outgoing-0 << X-XSS-Protection: 1; mode=block
2020-07-29 11:21:11,042 DEBUG [main] headers:125 - http-outgoing-0 << Via: 1.1 varnish (Varnish/6.0)
2020-07-29 11:21:11,042 DEBUG [main] headers:125 - http-outgoing-0 << X-GitHub-Request-Id: AE86:6B29:16C6DF:1AE92E:5F218AD5
2020-07-29 11:21:11,042 DEBUG [main] headers:125 - http-outgoing-0 << Content-Encoding: gzip
2020-07-29 11:21:11,043 DEBUG [main] headers:125 - http-outgoing-0 << Accept-Ranges: bytes
2020-07-29 11:21:11,043 DEBUG [main] headers:125 - http-outgoing-0 << Date: Wed, 29 Jul 2020 15:21:11 GMT
2020-07-29 11:21:11,043 DEBUG [main] headers:125 - http-outgoing-0 << Via: 1.1 varnish
2020-07-29 11:21:11,043 DEBUG [main] headers:125 - http-outgoing-0 << X-Served-By: cache-ewr18161-EWR
2020-07-29 11:21:11,044 DEBUG [main] headers:125 - http-outgoing-0 << X-Cache: HIT, HIT
2020-07-29 11:21:11,044 DEBUG [main] headers:125 - http-outgoing-0 << X-Cache-Hits: 7, 1
2020-07-29 11:21:11,044 DEBUG [main] headers:125 - http-outgoing-0 << X-Timer: S1596036071.999867,VS0,VE0
2020-07-29 11:21:11,044 DEBUG [main] headers:125 - http-outgoing-0 << Vary: Authorization,Accept-Encoding
2020-07-29 11:21:11,045 DEBUG [main] headers:125 - http-outgoing-0 << Access-Control-Allow-Origin: *
2020-07-29 11:21:11,045 DEBUG [main] headers:125 - http-outgoing-0 << X-Fastly-Request-ID: 29a479b636458e4134931ea62cb424a6cce72123
2020-07-29 11:21:11,045 DEBUG [main] headers:125 - http-outgoing-0 << Expires: Wed, 29 Jul 2020 15:26:11 GMT
2020-07-29 11:21:11,045 DEBUG [main] headers:125 - http-outgoing-0 << Source-Age: 221
2020-07-29 11:21:11,055 DEBUG [main] MainClientExec:285 - Connection can be kept alive indefinitely
2020-07-29 11:21:11,155 DEBUG [main] wire:73 - http-outgoing-0 << "[0x1f][0x8b][0x8][0x0][0x0][0x0][0x0][0x0][0x0][0x3][0x8d][0x96][0xcb][0x8e][0xd3]0[0x14][0x86][0xf7]}[\n]"
2020-07-29 11:21:11,155 DEBUG [main] wire:73 - http-outgoing-0 << "Kl`1[0x8e][0xef]vF[0xf2][0x86][0xeb][\n]"
2020-07-29 11:21:11,156 DEBUG [main] wire:73 - http-outgoing-0 << "[0xb1][0x80][0x17]H[[0xb7][0x8d]H[0xe3][0xca][0xc9]P[0xe0][0xe9][0xf1]5[0xe3][0xb1]@b[0xd7][0xff][0x8b]}[0xfc]'>[0x97][0xbe][0x2][0xdf].[0xe3][0x2]N[0xe3]d[0xc0][0xc1][0xce][0xeb]0[0xce][0xb]X/[0x6]|[0x9f][0xed]}[0x6]?[0x8c][F[0xeb][0xd1][0xc9]:ptc[0xd0][0xe0][0xf5]~[0x9c][0x7][0xf7][0xeb][0x8d][0xdf]p[0xbd][\r][0xeb][0xb8][0xf7]{[0xef][0xe3]z[0x89][0xfb][0xe][0xd6]9[0xb3][0xdc][0xec]|[0x1c][0xe7]3[0xd8];{_[0x8c]+qv[0xbb]W[0xe0]mB[0x8f][0xe0][0x93][0xb5]g[0xbf][0xf3][0xdd][0xc5][0xd9][0xab][0x1][0xc3]|L?[0xc7][0xa7]+x[0x0][0xef][0xe3]Y[0x8f][0xe0][0x10][0x9f][0xa6][0x93][0xfd][0xe6][0xaf][0xf6][0xc9][0x1d][0xcc]#[0xb8][0xac][0xeb][0xed][0xb1][0xeb][0xea][0xa7][0xf0][0x90]wC[0xeb][0xce][0xdd][0xd1][0xbb][0x9f][0xec]p\vi[0x8d][0xe2]Zq[0x88] [0xc3][0x8a]B[0xaa][\n]"
2020-07-29 11:21:11,156 DEBUG [main] wire:73 - http-outgoing-0 << "eZ[0xb1]H[0x99][0x84][0x14][0x15]J[0xb5]_[0x14]([0xf2]k[0xfb]B[0xb1]V8P[0xc4][0x18][0xc4][0xcf]![0x90]V[0xc8]c[0xda]+[0x9]1[0x12][0x19][0xcb]^[0xcb]>b[0xc6]![0xdd][0xa8][0xd2]RE[0x8a]|[0xc][0xc4][0xb][0x96]Z[0xca][0x80][0x95][0xe0]>~[0xa1]BK[0x11])[0xea]!&[[0xc][0xae]ex[0x13]*%[0x82][0xf8]y5[0xd3][0x92]ELz[0xb8][0xad][0xa5]Z[0x86]7[0xa1][0xc2][0xbf][0x90]([0x96]%[0xd1][0x4][0xb2]m[\r]~[0xa1]PP[0xc5][0x98][0xe8][0x83]bE[0xa9][0xa0]HQ2(\[0x94][0x8][0xaa][0x98][0x11][0xdc][0xab][0xed][0x13][0x9][0x16][0x94],[0x8a][0x6]U[0xce][0x13][0xc1][0xb][0xdd][0xce][0xb]^[0xe8]v^[0xf0]B[0xe9][0x8b][0xa4][0xf9]l[0x8f][0xd3]4[0x80][0x8f][0xa3]3'[0xfb][0xb3][0xca][0x94][0xb3]9|[0xb7]M[0x94][0xc5]g[0xca][0xd9][0xe7][0xe7][0xd3][0x1e][0xfa][0x8c][0xed][0xae])DWm[0xe8][0x9c][0x99][0xcc][0xb0][0x98]ewJq[0xfd][0xf5]!H[0xfc][0x9d]l@[0x5] * [ Z[0xc0][[0xc0]Z@[@Z[0x80][[0x80][0x1a] [0xfa][0x16]D[0xa7][0xbc][0x2][0xd1])[0xab][0x80]h[0x1]oAtJ+@[[0x10][0x9d][0x92][\n]"
2020-07-29 11:21:11,156 DEBUG [main] wire:73 - http-outgoing-0 << "D[0xa7][0xb8][0x2][0xa8][0x1][0xbc]o[0x81]j[0x81]lAt[0x8a]*[0xc0][0xb][0xa8][0x93][0xe2][0xcb][0xcd][0xb8][0xa1]J[0x5][0x1b][0xf4][0xff][0xa4]B\[0xb8][0xd8][0xd3]z[0x1f][0x9c]I[0xaa]t[0x91]61[0xe2]C[0xff][0xf5][0x9f][0xfb][0x85][0xea][0x13][0xf4]7[0xf0][0xdc].z[0x99][0xa1][0xaa][0xbb][0x5][0xa6][0x99][0xca][0x17][0xcd][0x2]e*[0xaa]^!KT^[0xb5][\n]"
2020-07-29 11:21:11,157 DEBUG [main] wire:73 - http-outgoing-0 << "U[0xa2][0xb2][0xaa]Q`R[0xf6][0xd3][0xba]QP[0x92])[0xa9][0xfb][0xc4]vV[0xae][0xef](x_[0x8b]\[0xdd]I[0xe4][0xe2]N"[0xd7]v[0x12][0xb9][0xb4][0x93][0xc8][0x95][0x9d]D.[0xec]$r]'[0x81]S!'[0x81]*[0xc1][0x82][0x83][0xe2][0x98][0x5][0x7]4[0x9f][0xc3][0x82][0x3][0x92]?[0x6][0x13]I[0xbc][0xe8][0x4][0xe3][0xc1][0xd9]pw[0xe0][0xc3][0xf1]l[0xaa][0xdb][0xbf].[0xc6][0x83]^[0xff][0xd1][0xfc]0S[0x88][\n]"
2020-07-29 11:21:11,158 DEBUG [main] wire:87 - http-outgoing-0 << "[0xaf]%B[0xcc][0x5]3?<-[0xdd][0xc6][0x1e]B[0x90]n[0xb5]vZ[0xba][0xbb][0xd9][0xe7]t[0xd8][0x5][0xaa][0x84]V[0xe1]{[0xf3][0xd0][[0x13][0xc9][0xd3][0x85][0xb]VH[0x9e],[0x9c]l[0xa4]L[0x15][0xad]\%D[0xb4]"[0x1]qo[0x89][0x94]![0x83][0x5][0x94]2[0xa1]2`[0x4][0xf6][0x89][0x94][0x96]m[0xd3][0x5][0x17][0x7]e[0xb2][0x90][0x90][0x1f][0x89][0xe4][0xa1]B[0xe8]F[0xf2]@[0x9]#0[0x93]<K0[0xed]}UE[0xc4][0x98][0xbe]9[0xf3][0xe0][0xff][0x6][0xac][0xc3]4[0x99]c[0x82]D[0xb][0x88]%[0xf6][0xad]9J[0xac]}[0xfa][0x9][0xd2][0xf7]I"[0xed]s[0x9c]#A[0xa3][0xa4]JS?[0x98]h[0x9f]$[0x9][0x9][0xe3]g[0x9d][0x12]I"[0xed][0xdf][0x3][0x11][0x9f]O[0x0],[0xd4]{m|[0x8][0x0][0x0]"
2020-07-29 11:21:11,159 DEBUG [main] PoolingHttpClientConnectionManager:341 - Connection [id: 0][route: {s}->https://raw.githubusercontent.com:443] can be kept alive indefinitely
2020-07-29 11:21:11,159 DEBUG [main] DefaultManagedHttpClientConnection:88 - http-outgoing-0: set socket timeout to 0
2020-07-29 11:21:11,159 DEBUG [main] PoolingHttpClientConnectionManager:348 - Connection released: [id: 0][route: {s}->https://raw.githubusercontent.com:443][total kept alive: 1; route allocated: 1 of 2; total allocated: 1 of 20]
2020-07-29 11:21:21,439  INFO [main] SharedSD:47 - Cleanup!
2020-07-29 11:21:21,440  INFO [main] SharedSD:48 - Test completed...!
2020-07-29 11:21:21,440  INFO [main] SharedSD:51 - *****************************
2020-07-29 11:37:38,029  INFO [main] SharedSD:29 - ****************************
2020-07-29 11:37:38,033  INFO [main] SharedSD:30 - Test setup method is starting.....
2020-07-29 11:37:47,171  INFO [main] SharedSD:47 - Cleanup!
2020-07-29 11:37:47,172  INFO [main] SharedSD:48 - Test completed...!
2020-07-29 11:37:47,173  INFO [main] SharedSD:51 - *****************************
2020-07-29 11:56:54,596  INFO [main] SharedSD:29 - ****************************
2020-07-29 11:56:54,604  INFO [main] SharedSD:30 - Test setup method is starting.....
2020-07-29 11:57:05,006  INFO [main] SharedSD:47 - Cleanup!
2020-07-29 11:57:05,008  INFO [main] SharedSD:48 - Test completed...!
2020-07-29 11:57:05,008  INFO [main] SharedSD:51 - *****************************
2020-07-29 12:11:29,807  INFO [main] SharedSD:29 - ****************************
2020-07-29 12:11:29,815  INFO [main] SharedSD:30 - Test setup method is starting.....
2020-07-29 12:11:42,228  INFO [main] SharedSD:47 - Cleanup!
2020-07-29 12:11:42,229  INFO [main] SharedSD:48 - Test completed...!
2020-07-29 12:11:42,230  INFO [main] SharedSD:51 - *****************************
2020-07-29 21:32:07,355  INFO [main] SharedSD:29 - ****************************
2020-07-29 21:32:07,361  INFO [main] SharedSD:30 - Test setup method is starting.....
2020-07-29 21:32:21,724  INFO [main] SharedSD:47 - Cleanup!
2020-07-29 21:32:21,725  INFO [main] SharedSD:48 - Test completed...!
2020-07-29 21:32:21,725  INFO [main] SharedSD:51 - *****************************
2020-07-30 09:47:37,141  INFO [main] SharedSD:29 - ****************************
2020-07-30 09:47:37,150  INFO [main] SharedSD:30 - Test setup method is starting.....
2020-07-30 09:47:46,897  INFO [main] SharedSD:47 - Cleanup!
2020-07-30 09:47:46,898  INFO [main] SharedSD:48 - Test completed...!
2020-07-30 09:47:46,898  INFO [main] SharedSD:51 - *****************************
2020-07-30 19:09:52,689  INFO [main] SharedSD:29 - ****************************
2020-07-30 19:09:52,697  INFO [main] SharedSD:30 - Test setup method is starting.....
2020-07-30 19:10:02,384  INFO [main] SharedSD:47 - Cleanup!
2020-07-30 19:10:02,384  INFO [main] SharedSD:48 - Test completed...!
2020-07-30 19:10:02,385  INFO [main] SharedSD:51 - *****************************
2020-07-30 19:30:00,322  INFO [main] SharedSD:29 - ****************************
2020-07-30 19:30:00,329  INFO [main] SharedSD:30 - Test setup method is starting.....
2020-07-30 19:30:07,459 DEBUG [main] BooleanConverter:336 - Setting default value: false
2020-07-30 19:30:07,460 DEBUG [main] BooleanConverter:127 - Converting 'Boolean' value 'false' to type 'Boolean'
2020-07-30 19:30:07,460 DEBUG [main] BooleanConverter:149 -     No conversion required, value is already a Boolean
2020-07-30 19:30:07,465 DEBUG [main] ByteConverter:336 - Setting default value: 0
2020-07-30 19:30:07,466 DEBUG [main] ByteConverter:127 - Converting 'Integer' value '0' to type 'Byte'
2020-07-30 19:30:07,466 DEBUG [main] ByteConverter:158 -     Converted to Byte value '0'
2020-07-30 19:30:07,467 DEBUG [main] CharacterConverter:336 - Setting default value:  
2020-07-30 19:30:07,468 DEBUG [main] CharacterConverter:127 - Converting 'Character' value ' ' to type 'Character'
2020-07-30 19:30:07,469 DEBUG [main] CharacterConverter:149 -     No conversion required, value is already a Character
2020-07-30 19:30:07,470 DEBUG [main] DoubleConverter:336 - Setting default value: 0
2020-07-30 19:30:07,470 DEBUG [main] DoubleConverter:127 - Converting 'Integer' value '0' to type 'Double'
2020-07-30 19:30:07,470 DEBUG [main] DoubleConverter:158 -     Converted to Double value '0.0'
2020-07-30 19:30:07,471 DEBUG [main] FloatConverter:336 - Setting default value: 0
2020-07-30 19:30:07,472 DEBUG [main] FloatConverter:127 - Converting 'Integer' value '0' to type 'Float'
2020-07-30 19:30:07,473 DEBUG [main] FloatConverter:158 -     Converted to Float value '0.0'
2020-07-30 19:30:07,474 DEBUG [main] IntegerConverter:336 - Setting default value: 0
2020-07-30 19:30:07,474 DEBUG [main] IntegerConverter:127 - Converting 'Integer' value '0' to type 'Integer'
2020-07-30 19:30:07,475 DEBUG [main] IntegerConverter:149 -     No conversion required, value is already a Integer
2020-07-30 19:30:07,476 DEBUG [main] LongConverter:336 - Setting default value: 0
2020-07-30 19:30:07,477 DEBUG [main] LongConverter:127 - Converting 'Integer' value '0' to type 'Long'
2020-07-30 19:30:07,477 DEBUG [main] LongConverter:158 -     Converted to Long value '0'
2020-07-30 19:30:07,478 DEBUG [main] ShortConverter:336 - Setting default value: 0
2020-07-30 19:30:07,479 DEBUG [main] ShortConverter:127 - Converting 'Integer' value '0' to type 'Short'
2020-07-30 19:30:07,479 DEBUG [main] ShortConverter:158 -     Converted to Short value '0'
2020-07-30 19:30:07,480 DEBUG [main] BigDecimalConverter:336 - Setting default value: 0.0
2020-07-30 19:30:07,480 DEBUG [main] BigDecimalConverter:127 - Converting 'BigDecimal' value '0.0' to type 'BigDecimal'
2020-07-30 19:30:07,481 DEBUG [main] BigDecimalConverter:149 -     No conversion required, value is already a BigDecimal
2020-07-30 19:30:07,482 DEBUG [main] BigIntegerConverter:336 - Setting default value: 0
2020-07-30 19:30:07,482 DEBUG [main] BigIntegerConverter:127 - Converting 'BigInteger' value '0' to type 'BigInteger'
2020-07-30 19:30:07,482 DEBUG [main] BigIntegerConverter:149 -     No conversion required, value is already a BigInteger
2020-07-30 19:30:07,483 DEBUG [main] BooleanConverter:336 - Setting default value: false
2020-07-30 19:30:07,483 DEBUG [main] BooleanConverter:127 - Converting 'Boolean' value 'false' to type 'Boolean'
2020-07-30 19:30:07,483 DEBUG [main] BooleanConverter:149 -     No conversion required, value is already a Boolean
2020-07-30 19:30:07,484 DEBUG [main] ByteConverter:336 - Setting default value: 0
2020-07-30 19:30:07,484 DEBUG [main] ByteConverter:127 - Converting 'Integer' value '0' to type 'Byte'
2020-07-30 19:30:07,484 DEBUG [main] ByteConverter:158 -     Converted to Byte value '0'
2020-07-30 19:30:07,484 DEBUG [main] CharacterConverter:336 - Setting default value:  
2020-07-30 19:30:07,485 DEBUG [main] CharacterConverter:127 - Converting 'Character' value ' ' to type 'Character'
2020-07-30 19:30:07,485 DEBUG [main] CharacterConverter:149 -     No conversion required, value is already a Character
2020-07-30 19:30:07,486 DEBUG [main] DoubleConverter:336 - Setting default value: 0
2020-07-30 19:30:07,486 DEBUG [main] DoubleConverter:127 - Converting 'Integer' value '0' to type 'Double'
2020-07-30 19:30:07,487 DEBUG [main] DoubleConverter:158 -     Converted to Double value '0.0'
2020-07-30 19:30:07,488 DEBUG [main] FloatConverter:336 - Setting default value: 0
2020-07-30 19:30:07,488 DEBUG [main] FloatConverter:127 - Converting 'Integer' value '0' to type 'Float'
2020-07-30 19:30:07,489 DEBUG [main] FloatConverter:158 -     Converted to Float value '0.0'
2020-07-30 19:30:07,490 DEBUG [main] IntegerConverter:336 - Setting default value: 0
2020-07-30 19:30:07,490 DEBUG [main] IntegerConverter:127 - Converting 'Integer' value '0' to type 'Integer'
2020-07-30 19:30:07,493 DEBUG [main] IntegerConverter:149 -     No conversion required, value is already a Integer
2020-07-30 19:30:07,494 DEBUG [main] LongConverter:336 - Setting default value: 0
2020-07-30 19:30:07,497 DEBUG [main] LongConverter:127 - Converting 'Integer' value '0' to type 'Long'
2020-07-30 19:30:07,498 DEBUG [main] LongConverter:158 -     Converted to Long value '0'
2020-07-30 19:30:07,498 DEBUG [main] ShortConverter:336 - Setting default value: 0
2020-07-30 19:30:07,499 DEBUG [main] ShortConverter:127 - Converting 'Integer' value '0' to type 'Short'
2020-07-30 19:30:07,504 DEBUG [main] ShortConverter:158 -     Converted to Short value '0'
2020-07-30 19:30:07,505 DEBUG [main] StringConverter:336 - Setting default value: 
2020-07-30 19:30:07,513 DEBUG [main] StringConverter:127 - Converting 'String' value '' to type 'String'
2020-07-30 19:30:07,527 DEBUG [main] ArrayConverter:336 - Setting default value: [Z@23c07745
2020-07-30 19:30:07,527 DEBUG [main] ArrayConverter:127 - Converting 'boolean[]' value '[Z@23c07745' to type 'boolean[]'
2020-07-30 19:30:07,528 DEBUG [main] ArrayConverter:149 -     No conversion required, value is already a boolean[]
2020-07-30 19:30:07,528 DEBUG [main] ArrayConverter:336 - Setting default value: [B@52dbd3d
2020-07-30 19:30:07,529 DEBUG [main] ArrayConverter:127 - Converting 'byte[]' value '[B@52dbd3d' to type 'byte[]'
2020-07-30 19:30:07,529 DEBUG [main] ArrayConverter:149 -     No conversion required, value is already a byte[]
2020-07-30 19:30:07,530 DEBUG [main] ArrayConverter:336 - Setting default value: [C@11e323a6
2020-07-30 19:30:07,533 DEBUG [main] ArrayConverter:127 - Converting 'char[]' value '[C@11e323a6' to type 'char[]'
2020-07-30 19:30:07,534 DEBUG [main] ArrayConverter:149 -     No conversion required, value is already a char[]
2020-07-30 19:30:07,535 DEBUG [main] ArrayConverter:336 - Setting default value: [D@704205ef
2020-07-30 19:30:07,536 DEBUG [main] ArrayConverter:127 - Converting 'double[]' value '[D@704205ef' to type 'double[]'
2020-07-30 19:30:07,537 DEBUG [main] ArrayConverter:149 -     No conversion required, value is already a double[]
2020-07-30 19:30:07,537 DEBUG [main] ArrayConverter:336 - Setting default value: [F@61aaec51
2020-07-30 19:30:07,538 DEBUG [main] ArrayConverter:127 - Converting 'float[]' value '[F@61aaec51' to type 'float[]'
2020-07-30 19:30:07,543 DEBUG [main] ArrayConverter:149 -     No conversion required, value is already a float[]
2020-07-30 19:30:07,543 DEBUG [main] ArrayConverter:336 - Setting default value: [I@9d10078
2020-07-30 19:30:07,544 DEBUG [main] ArrayConverter:127 - Converting 'int[]' value '[I@9d10078' to type 'int[]'
2020-07-30 19:30:07,545 DEBUG [main] ArrayConverter:149 -     No conversion required, value is already a int[]
2020-07-30 19:30:07,545 DEBUG [main] ArrayConverter:336 - Setting default value: [J@6587c92f
2020-07-30 19:30:07,546 DEBUG [main] ArrayConverter:127 - Converting 'long[]' value '[J@6587c92f' to type 'long[]'
2020-07-30 19:30:07,547 DEBUG [main] ArrayConverter:149 -     No conversion required, value is already a long[]
2020-07-30 19:30:07,549 DEBUG [main] ArrayConverter:336 - Setting default value: [S@5ac25491
2020-07-30 19:30:07,549 DEBUG [main] ArrayConverter:127 - Converting 'short[]' value '[S@5ac25491' to type 'short[]'
2020-07-30 19:30:07,549 DEBUG [main] ArrayConverter:149 -     No conversion required, value is already a short[]
2020-07-30 19:30:07,550 DEBUG [main] ArrayConverter:336 - Setting default value: [Ljava.math.BigDecimal;@4398d
2020-07-30 19:30:07,550 DEBUG [main] ArrayConverter:127 - Converting 'BigDecimal[]' value '[Ljava.math.BigDecimal;@4398d' to type 'BigDecimal[]'
2020-07-30 19:30:07,550 DEBUG [main] ArrayConverter:149 -     No conversion required, value is already a BigDecimal[]
2020-07-30 19:30:07,550 DEBUG [main] ArrayConverter:336 - Setting default value: [Ljava.math.BigInteger;@50061d56
2020-07-30 19:30:07,551 DEBUG [main] ArrayConverter:127 - Converting 'BigInteger[]' value '[Ljava.math.BigInteger;@50061d56' to type 'BigInteger[]'
2020-07-30 19:30:07,551 DEBUG [main] ArrayConverter:149 -     No conversion required, value is already a BigInteger[]
2020-07-30 19:30:07,552 DEBUG [main] ArrayConverter:336 - Setting default value: [Ljava.lang.Boolean;@2044a11b
2020-07-30 19:30:07,552 DEBUG [main] ArrayConverter:127 - Converting 'Boolean[]' value '[Ljava.lang.Boolean;@2044a11b' to type 'Boolean[]'
2020-07-30 19:30:07,552 DEBUG [main] ArrayConverter:149 -     No conversion required, value is already a Boolean[]
2020-07-30 19:30:07,552 DEBUG [main] ArrayConverter:336 - Setting default value: [Ljava.lang.Byte;@1d9db780
2020-07-30 19:30:07,553 DEBUG [main] ArrayConverter:127 - Converting 'Byte[]' value '[Ljava.lang.Byte;@1d9db780' to type 'Byte[]'
2020-07-30 19:30:07,553 DEBUG [main] ArrayConverter:149 -     No conversion required, value is already a Byte[]
2020-07-30 19:30:07,553 DEBUG [main] ArrayConverter:336 - Setting default value: [Ljava.lang.Character;@7056cda8
2020-07-30 19:30:07,553 DEBUG [main] ArrayConverter:127 - Converting 'Character[]' value '[Ljava.lang.Character;@7056cda8' to type 'Character[]'
2020-07-30 19:30:07,554 DEBUG [main] ArrayConverter:149 -     No conversion required, value is already a Character[]
2020-07-30 19:30:07,554 DEBUG [main] ArrayConverter:336 - Setting default value: [Ljava.lang.Double;@722a2ba2
2020-07-30 19:30:07,554 DEBUG [main] ArrayConverter:127 - Converting 'Double[]' value '[Ljava.lang.Double;@722a2ba2' to type 'Double[]'
2020-07-30 19:30:07,554 DEBUG [main] ArrayConverter:149 -     No conversion required, value is already a Double[]
2020-07-30 19:30:07,555 DEBUG [main] ArrayConverter:336 - Setting default value: [Ljava.lang.Float;@3e711e84
2020-07-30 19:30:07,555 DEBUG [main] ArrayConverter:127 - Converting 'Float[]' value '[Ljava.lang.Float;@3e711e84' to type 'Float[]'
2020-07-30 19:30:07,555 DEBUG [main] ArrayConverter:149 -     No conversion required, value is already a Float[]
2020-07-30 19:30:07,558 DEBUG [main] ArrayConverter:336 - Setting default value: [Ljava.lang.Integer;@426fb1c3
2020-07-30 19:30:07,558 DEBUG [main] ArrayConverter:127 - Converting 'Integer[]' value '[Ljava.lang.Integer;@426fb1c3' to type 'Integer[]'
2020-07-30 19:30:07,558 DEBUG [main] ArrayConverter:149 -     No conversion required, value is already a Integer[]
2020-07-30 19:30:07,559 DEBUG [main] ArrayConverter:336 - Setting default value: [Ljava.lang.Long;@69f01f4b
2020-07-30 19:30:07,559 DEBUG [main] ArrayConverter:127 - Converting 'Long[]' value '[Ljava.lang.Long;@69f01f4b' to type 'Long[]'
2020-07-30 19:30:07,559 DEBUG [main] ArrayConverter:149 -     No conversion required, value is already a Long[]
2020-07-30 19:30:07,559 DEBUG [main] ArrayConverter:336 - Setting default value: [Ljava.lang.Short;@68a06914
2020-07-30 19:30:07,560 DEBUG [main] ArrayConverter:127 - Converting 'Short[]' value '[Ljava.lang.Short;@68a06914' to type 'Short[]'
2020-07-30 19:30:07,560 DEBUG [main] ArrayConverter:149 -     No conversion required, value is already a Short[]
2020-07-30 19:30:07,560 DEBUG [main] ArrayConverter:336 - Setting default value: [Ljava.lang.String;@43baf0b9
2020-07-30 19:30:07,560 DEBUG [main] ArrayConverter:127 - Converting 'String[]' value '[Ljava.lang.String;@43baf0b9' to type 'String[]'
2020-07-30 19:30:07,560 DEBUG [main] ArrayConverter:149 -     No conversion required, value is already a String[]
2020-07-30 19:30:07,561 DEBUG [main] ArrayConverter:336 - Setting default value: [Ljava.lang.Class;@ebd4486
2020-07-30 19:30:07,561 DEBUG [main] ArrayConverter:127 - Converting 'Class[]' value '[Ljava.lang.Class;@ebd4486' to type 'Class[]'
2020-07-30 19:30:07,561 DEBUG [main] ArrayConverter:149 -     No conversion required, value is already a Class[]
2020-07-30 19:30:07,561 DEBUG [main] ArrayConverter:336 - Setting default value: [Ljava.util.Date;@69c413f7
2020-07-30 19:30:07,562 DEBUG [main] ArrayConverter:127 - Converting 'Date[]' value '[Ljava.util.Date;@69c413f7' to type 'Date[]'
2020-07-30 19:30:07,562 DEBUG [main] ArrayConverter:149 -     No conversion required, value is already a Date[]
2020-07-30 19:30:07,562 DEBUG [main] ArrayConverter:336 - Setting default value: [Ljava.util.Calendar;@6b886e86
2020-07-30 19:30:07,562 DEBUG [main] ArrayConverter:127 - Converting 'Calendar[]' value '[Ljava.util.Calendar;@6b886e86' to type 'Calendar[]'
2020-07-30 19:30:07,562 DEBUG [main] ArrayConverter:149 -     No conversion required, value is already a Calendar[]
2020-07-30 19:30:07,562 DEBUG [main] ArrayConverter:336 - Setting default value: [Ljava.io.File;@46e77fb7
2020-07-30 19:30:07,563 DEBUG [main] ArrayConverter:127 - Converting 'java.io.File[]' value '[Ljava.io.File;@46e77fb7' to type 'java.io.File[]'
2020-07-30 19:30:07,564 DEBUG [main] ArrayConverter:149 -     No conversion required, value is already a java.io.File[]
2020-07-30 19:30:07,564 DEBUG [main] ArrayConverter:336 - Setting default value: [Ljava.sql.Date;@6b1381fc
2020-07-30 19:30:07,566 DEBUG [main] ArrayConverter:127 - Converting 'java.sql.Date[]' value '[Ljava.sql.Date;@6b1381fc' to type 'java.sql.Date[]'
2020-07-30 19:30:07,566 DEBUG [main] ArrayConverter:149 -     No conversion required, value is already a java.sql.Date[]
2020-07-30 19:30:07,567 DEBUG [main] ArrayConverter:336 - Setting default value: [Ljava.sql.Time;@3552eb5b
2020-07-30 19:30:07,567 DEBUG [main] ArrayConverter:127 - Converting 'java.sql.Time[]' value '[Ljava.sql.Time;@3552eb5b' to type 'java.sql.Time[]'
2020-07-30 19:30:07,567 DEBUG [main] ArrayConverter:149 -     No conversion required, value is already a java.sql.Time[]
2020-07-30 19:30:07,568 DEBUG [main] ArrayConverter:336 - Setting default value: [Ljava.sql.Timestamp;@38de4f1d
2020-07-30 19:30:07,568 DEBUG [main] ArrayConverter:127 - Converting 'java.sql.Timestamp[]' value '[Ljava.sql.Timestamp;@38de4f1d' to type 'java.sql.Timestamp[]'
2020-07-30 19:30:07,568 DEBUG [main] ArrayConverter:149 -     No conversion required, value is already a java.sql.Timestamp[]
2020-07-30 19:30:07,568 DEBUG [main] ArrayConverter:336 - Setting default value: [Ljava.net.URL;@7b59f3aa
2020-07-30 19:30:07,569 DEBUG [main] ArrayConverter:127 - Converting 'java.net.URL[]' value '[Ljava.net.URL;@7b59f3aa' to type 'java.net.URL[]'
2020-07-30 19:30:07,569 DEBUG [main] ArrayConverter:149 -     No conversion required, value is already a java.net.URL[]
2020-07-30 19:30:09,282  INFO [main] SharedSD:47 - Cleanup!
2020-07-30 19:30:09,282  INFO [main] SharedSD:48 - Test completed...!
2020-07-30 19:30:09,282  INFO [main] SharedSD:51 - *****************************
